#
# There is insufficient memory for the Java Runtime Environment to continue.
# Native memory allocation (malloc) failed to allocate 1481296 bytes for Chunk::new
# Possible reasons:
#   The system is out of physical RAM or swap space
#   The process is running with CompressedOops enabled, and the Java Heap may be blocking the growth of the native heap
# Possible solutions:
#   Reduce memory load on the system
#   Increase physical memory or swap space
#   Check if swap backing store is full
#   Decrease Java heap size (-Xmx/-Xms)
#   Decrease number of Java threads
#   Decrease Java thread stack sizes (-Xss)
#   Set larger code cache with -XX:ReservedCodeCacheSize=
#   JVM is running with Zero Based Compressed Oops mode in which the Java heap is
#     placed in the first 32GB address space. The Java Heap base address is the
#     maximum limit for the native heap growth. Please use -XX:HeapBaseMinAddress
#     to set the Java Heap base and to place the Java Heap above 32GB virtual address.
# This output file may be truncated or incomplete.
#
#  Out of Memory Error (allocation.cpp:389), pid=22496, tid=0x0000000000003f58
#
# JRE version: OpenJDK Runtime Environment (8.0_202-b03) (build 1.8.0_202-release-1483-b03)
# Java VM: OpenJDK 64-Bit Server VM (25.202-b03 mixed mode windows-amd64 compressed oops)
# Failed to write core dump. Minidumps are not enabled by default on client versions of Windows
#

---------------  T H R E A D  ---------------

Current thread (0x000000001e639000):  JavaThread "C2 CompilerThread2" daemon [_thread_in_native, id=16216, stack(0x000000001f130000,0x000000001f230000)]

Stack: [0x000000001f130000,0x000000001f230000]
[error occurred during error reporting (printing stack bounds), id 0xc0000005]

Native frames: (J=compiled Java code, j=interpreted, Vv=VM code, C=native code)


Current CompileTask:
C2:6832139 34402       4       com.android.tools.r8.graph.N::b (73 bytes)


---------------  P R O C E S S  ---------------

Java Threads: ( => current thread )
  0x000000002d3c7800 JavaThread "WorkerExecutor Queue Thread 6" [_thread_blocked, id=21920, stack(0x0000000038bf0000,0x0000000038cf0000)]
  0x00000000201e5800 JavaThread "WorkerExecutor Queue Thread 5" [_thread_blocked, id=19308, stack(0x0000000038af0000,0x0000000038bf0000)]
  0x0000000023b74000 JavaThread "WorkerExecutor Queue Thread 4" [_thread_blocked, id=1964, stack(0x00000000382f0000,0x00000000383f0000)]
  0x0000000023b78000 JavaThread "WorkerExecutor Queue Thread 3" [_thread_blocked, id=14892, stack(0x00000000381f0000,0x00000000382f0000)]
  0x0000000023b77000 JavaThread "WorkerExecutor Queue Thread 2" [_thread_blocked, id=17248, stack(0x00000000380f0000,0x00000000381f0000)]
  0x0000000023b6c800 JavaThread "WorkerExecutor Queue" [_thread_blocked, id=9396, stack(0x00000000389f0000,0x0000000038af0000)]
  0x0000000023b72800 JavaThread "ForkJoinPool.commonPool-worker-2" daemon [_thread_blocked, id=15048, stack(0x00000000388f0000,0x00000000389f0000)]
  0x0000000023b72000 JavaThread "ForkJoinPool.commonPool-worker-1" daemon [_thread_blocked, id=15388, stack(0x00000000387f0000,0x00000000388f0000)]
  0x0000000023b71000 JavaThread "ForkJoinPool.commonPool-worker-0" daemon [_thread_blocked, id=600, stack(0x00000000386f0000,0x00000000387f0000)]
  0x0000000023b70800 JavaThread "ForkJoinPool.commonPool-worker-7" daemon [_thread_blocked, id=12244, stack(0x00000000385f0000,0x00000000386f0000)]
  0x0000000023b6d800 JavaThread "ForkJoinPool.commonPool-worker-6" daemon [_thread_blocked, id=20444, stack(0x00000000384f0000,0x00000000385f0000)]
  0x0000000023b69000 JavaThread "ForkJoinPool.commonPool-worker-5" daemon [_thread_blocked, id=2308, stack(0x00000000383f0000,0x00000000384f0000)]
  0x0000000023b6c000 JavaThread "ForkJoinPool.commonPool-worker-4" daemon [_thread_blocked, id=16788, stack(0x00000000373b0000,0x00000000374b0000)]
  0x000000002d3d1800 JavaThread "Build operations Thread 8" [_thread_blocked, id=15712, stack(0x0000000029740000,0x0000000029840000)]
  0x000000002d3cf000 JavaThread "Build operations Thread 7" [_thread_blocked, id=20988, stack(0x0000000028360000,0x0000000028460000)]
  0x000000002d3cc000 JavaThread "Build operations Thread 6" [_thread_blocked, id=19472, stack(0x0000000028260000,0x0000000028360000)]
  0x000000002d3d2000 JavaThread "Build operations Thread 5" [_thread_blocked, id=22024, stack(0x0000000028160000,0x0000000028260000)]
  0x000000002d3d0000 JavaThread "Build operations Thread 4" [_thread_blocked, id=17816, stack(0x0000000028060000,0x0000000028160000)]
  0x000000002d3ce800 JavaThread "Build operations Thread 3" [_thread_blocked, id=14136, stack(0x0000000027f60000,0x0000000028060000)]
  0x000000002d3cb800 JavaThread "Build operations Thread 2" [_thread_blocked, id=14904, stack(0x0000000027e60000,0x0000000027f60000)]
  0x000000002d3d0800 JavaThread "Build operations" [_thread_blocked, id=22204, stack(0x0000000027d60000,0x0000000027e60000)]
  0x000000002d3c4000 JavaThread "Cache worker for file hash cache (C:\Users\PC\Desktop\ABONA-DEV\Project\App\DriverApp\.gradle\5.4.1\fileHashes)" [_thread_blocked, id=5544, stack(0x0000000025b20000,0x0000000025c20000)]
  0x000000002d3ca800 JavaThread "Thread-920" [_thread_blocked, id=2744, stack(0x0000000025a20000,0x0000000025b20000)]
  0x000000002d3c3000 JavaThread "Stdin handler" [_thread_blocked, id=12004, stack(0x0000000025920000,0x0000000025a20000)]
  0x000000002d3ca000 JavaThread "Asynchronous log dispatcher for DefaultDaemonConnection: socket connection from /127.0.0.1:13473 to /127.0.0.1:17040" [_thread_blocked, id=5636, stack(0x0000000021ab0000,0x0000000021bb0000)]
  0x000000002d3c5800 JavaThread "Daemon worker Thread 15" [_thread_in_native, id=2292, stack(0x00000000217b0000,0x00000000218b0000)]
  0x000000002d3c7000 JavaThread "Cancel handler" [_thread_blocked, id=7264, stack(0x00000000216b0000,0x00000000217b0000)]
  0x000000002d3c8800 JavaThread "Handler for socket connection from /127.0.0.1:13473 to /127.0.0.1:17040" [_thread_in_native, id=1848, stack(0x00000000010c0000,0x00000000011c0000)]
  0x000000002d3c9000 JavaThread "Daemon Thread 15" [_thread_blocked, id=3180, stack(0x0000000000fc0000,0x00000000010c0000)]
  0x00000000201eb800 JavaThread "Cache worker for Java compile cache (C:\Users\PC\.gradle\caches\5.4.1\javaCompile)" [_thread_blocked, id=14872, stack(0x000000002e580000,0x000000002e680000)]
  0x00000000238aa800 JavaThread "Cache worker for file content cache (C:\Users\PC\.gradle\caches\5.4.1\fileContent)" [_thread_blocked, id=17960, stack(0x0000000029c70000,0x0000000029d70000)]
  0x00000000238a9800 JavaThread "Memory manager" [_thread_blocked, id=13440, stack(0x0000000028460000,0x0000000028560000)]
  0x000000001f7a4000 JavaThread "Cache worker for execution history cache (C:\Users\PC\.gradle\caches\5.4.1\executionHistory)" [_thread_blocked, id=10268, stack(0x0000000027760000,0x0000000027860000)]
  0x000000001f7a2800 JavaThread "Cache worker for journal cache (C:\Users\PC\.gradle\caches\journal-1)" [_thread_blocked, id=4720, stack(0x00000000222b0000,0x00000000223b0000)]
  0x000000001f7a2000 JavaThread "File lock request listener" [_thread_in_native, id=22348, stack(0x00000000221b0000,0x00000000222b0000)]
  0x0000000020901000 JavaThread "Cache worker for file hash cache (C:\Users\PC\.gradle\caches\5.4.1\fileHashes)" [_thread_blocked, id=14416, stack(0x00000000220b0000,0x00000000221b0000)]
  0x000000001f81a000 JavaThread "Daemon periodic checks" [_thread_blocked, id=22480, stack(0x00000000215b0000,0x00000000216b0000)]
  0x000000001f7d4000 JavaThread "Incoming local TCP Connector on port 13473" [_thread_in_native, id=140, stack(0x0000000021340000,0x0000000021440000)]
  0x0000000020958800 JavaThread "Daemon health stats" [_thread_blocked, id=1708, stack(0x0000000020d00000,0x0000000020e00000)]
  0x000000001e6c1800 JavaThread "Service Thread" daemon [_thread_blocked, id=16172, stack(0x000000001f330000,0x000000001f430000)]
  0x000000001e63e000 JavaThread "C1 CompilerThread3" daemon [_thread_blocked, id=10700, stack(0x000000001f230000,0x000000001f330000)]
=>0x000000001e639000 JavaThread "C2 CompilerThread2" daemon [_thread_in_native, id=16216, stack(0x000000001f130000,0x000000001f230000)]
  0x000000001e637800 JavaThread "C2 CompilerThread1" daemon [_thread_in_native, id=21456, stack(0x000000001f030000,0x000000001f130000)]
  0x000000001e634800 JavaThread "C2 CompilerThread0" daemon [_thread_blocked, id=22240, stack(0x000000001ef30000,0x000000001f030000)]
  0x000000001e62f800 JavaThread "Attach Listener" daemon [_thread_blocked, id=2652, stack(0x000000001ee30000,0x000000001ef30000)]
  0x000000001c83e800 JavaThread "Signal Dispatcher" daemon [_thread_blocked, id=10876, stack(0x000000001ed30000,0x000000001ee30000)]
  0x000000001e621000 JavaThread "Finalizer" daemon [_thread_blocked, id=12508, stack(0x000000001eb00000,0x000000001ec00000)]
  0x000000001e620800 JavaThread "Reference Handler" daemon [_thread_blocked, id=7272, stack(0x000000001ea00000,0x000000001eb00000)]
  0x0000000002c12800 JavaThread "main" [_thread_blocked, id=21616, stack(0x0000000002b10000,0x0000000002c10000)]

Other Threads:
  0x000000001c828000 VMThread [stack: 0x000000001e500000,0x000000001e600000] [id=9700]
  0x000000001e6c2800 WatcherThread [stack: 0x000000001f430000,0x000000001f530000] [id=18824]

VM state:not at safepoint (normal execution)

VM Mutex/Monitor currently owned by a thread: None

heap address: 0x00000006c0000000, size: 4096 MB, Compressed Oops mode: Zero based, Oop shift amount: 3
Narrow klass base: 0x0000000000000000, Narrow klass shift: 3
Compressed class space size: 1073741824 Address: 0x00000007c0000000

Heap:
 PSYoungGen      total 638976K, used 358226K [0x000000076ab00000, 0x00000007a2c00000, 0x00000007c0000000)
  eden space 385536K, 46% used [0x000000076ab00000,0x000000077590ea60,0x0000000782380000)
  from space 253440K, 71% used [0x0000000792180000,0x000000079d145ed0,0x00000007a1900000)
  to   space 260096K, 0% used [0x0000000782380000,0x0000000782380000,0x0000000792180000)
 ParOldGen       total 388096K, used 279381K [0x00000006c0000000, 0x00000006d7b00000, 0x000000076ab00000)
  object space 388096K, 71% used [0x00000006c0000000,0x00000006d10d5640,0x00000006d7b00000)
 Metaspace       used 194269K, capacity 203156K, committed 203480K, reserved 1226752K
  class space    used 23518K, capacity 25302K, committed 25304K, reserved 1048576K

Card table byte_map: [0x00000000120d0000,0x00000000128e0000] byte_map_base: 0x000000000ead0000

Marking Bits: (ParMarkBitMap*) 0x0000000072cd9f30
 Begin Bits: [0x0000000013640000, 0x0000000017640000)
 End Bits:   [0x0000000017640000, 0x000000001b640000)

Polling page: 0x00000000029b0000

CodeCache: size=245760Kb used=94996Kb max_used=95037Kb free=150764Kb
 bounds [0x0000000002d10000, 0x0000000008a70000, 0x0000000011d10000]
 total_blobs=27054 nmethods=26165 adapters=798
 compilation: enabled

Compilation events (10 events):
Event: 6832.092 Thread 0x000000001e63e000 34448       3       com.android.build.gradle.internal.tasks.MergeFileTask::setOutputFile (6 bytes)
Event: 6832.092 Thread 0x000000001e63e000 nmethod 34448 0x0000000006708ed0 code [0x0000000006709020, 0x0000000006709190]
Event: 6832.092 Thread 0x000000001e63e000 34449       3       com.android.build.gradle.internal.tasks.MergeFileTask::setInputFiles (6 bytes)
Event: 6832.093 Thread 0x000000001e63e000 nmethod 34449 0x0000000008a2eb50 code [0x0000000008a2eca0, 0x0000000008a2ee10]
Event: 6832.096 Thread 0x000000001e63e000 34450       3       org.gradle.api.tasks.Sync::getRootSpec (5 bytes)
Event: 6832.096 Thread 0x000000001e63e000 nmethod 34450 0x0000000008a2e750 code [0x0000000008a2e8c0, 0x0000000008a2eac8]
Event: 6832.096 Thread 0x000000001e63e000 34451       3       org.gradle.api.internal.file.copy.DestinationRootCopySpec::into (7 bytes)
Event: 6832.097 Thread 0x000000001e63e000 nmethod 34451 0x0000000008a2e410 code [0x0000000008a2e560, 0x0000000008a2e6d0]
Event: 6832.101 Thread 0x000000001e63e000 34452       3       com.google.gson.stream.JsonReader::nextBoolean (106 bytes)
Event: 6832.103 Thread 0x000000001e63e000 nmethod 34452 0x0000000008a2ccd0 code [0x0000000008a2cf20, 0x0000000008a2ddd8]

GC Heap History (10 events):
Event: 5352.876 GC heap before
{Heap before GC invocations=51 (full 5):
 PSYoungGen      total 575488K, used 500799K [0x000000076ab00000, 0x00000007a0100000, 0x00000007c0000000)
  eden space 313856K, 100% used [0x000000076ab00000,0x000000077dd80000,0x000000077dd80000)
  from space 261632K, 71% used [0x000000077dd80000,0x000000078940fd40,0x000000078dd00000)
  to   space 270848K, 0% used [0x000000078f880000,0x000000078f880000,0x00000007a0100000)
 ParOldGen       total 388096K, used 208707K [0x00000006c0000000, 0x00000006d7b00000, 0x000000076ab00000)
  object space 388096K, 53% used [0x00000006c0000000,0x00000006ccbd0e38,0x00000006d7b00000)
 Metaspace       used 178731K, capacity 187464K, committed 187608K, reserved 1214464K
  class space    used 21792K, capacity 23502K, committed 23512K, reserved 1048576K
Event: 5353.001 GC heap after
Heap after GC invocations=51 (full 5):
 PSYoungGen      total 605184K, used 107248K [0x000000076ab00000, 0x000000079f900000, 0x00000007c0000000)
  eden space 342528K, 0% used [0x000000076ab00000,0x000000076ab00000,0x000000077f980000)
  from space 262656K, 40% used [0x000000078f880000,0x000000079613c2d8,0x000000079f900000)
  to   space 261120K, 0% used [0x000000077f980000,0x000000077f980000,0x000000078f880000)
 ParOldGen       total 388096K, used 275030K [0x00000006c0000000, 0x00000006d7b00000, 0x000000076ab00000)
  object space 388096K, 70% used [0x00000006c0000000,0x00000006d0c958c0,0x00000006d7b00000)
 Metaspace       used 178731K, capacity 187464K, committed 187608K, reserved 1214464K
  class space    used 21792K, capacity 23502K, committed 23512K, reserved 1048576K
}
Event: 5995.338 GC heap before
{Heap before GC invocations=52 (full 5):
 PSYoungGen      total 605184K, used 449776K [0x000000076ab00000, 0x000000079f900000, 0x00000007c0000000)
  eden space 342528K, 100% used [0x000000076ab00000,0x000000077f980000,0x000000077f980000)
  from space 262656K, 40% used [0x000000078f880000,0x000000079613c2d8,0x000000079f900000)
  to   space 261120K, 0% used [0x000000077f980000,0x000000077f980000,0x000000078f880000)
 ParOldGen       total 388096K, used 275030K [0x00000006c0000000, 0x00000006d7b00000, 0x000000076ab00000)
  object space 388096K, 70% used [0x00000006c0000000,0x00000006d0c958c0,0x00000006d7b00000)
 Metaspace       used 178853K, capacity 187596K, committed 187864K, reserved 1214464K
  class space    used 21794K, capacity 23502K, committed 23512K, reserved 1048576K
Event: 5995.395 GC heap after
Heap after GC invocations=52 (full 5):
 PSYoungGen      total 603648K, used 92589K [0x000000076ab00000, 0x00000007a0600000, 0x00000007c0000000)
  eden space 342528K, 0% used [0x000000076ab00000,0x000000076ab00000,0x000000077f980000)
  from space 261120K, 35% used [0x000000077f980000,0x00000007853eb5a0,0x000000078f880000)
  to   space 254464K, 0% used [0x0000000790d80000,0x0000000790d80000,0x00000007a0600000)
 ParOldGen       total 388096K, used 276458K [0x00000006c0000000, 0x00000006d7b00000, 0x000000076ab00000)
  object space 388096K, 71% used [0x00000006c0000000,0x00000006d0dfa928,0x00000006d7b00000)
 Metaspace       used 178853K, capacity 187596K, committed 187864K, reserved 1214464K
  class space    used 21794K, capacity 23502K, committed 23512K, reserved 1048576K
}
Event: 5998.350 GC heap before
{Heap before GC invocations=53 (full 5):
 PSYoungGen      total 603648K, used 435117K [0x000000076ab00000, 0x00000007a0600000, 0x00000007c0000000)
  eden space 342528K, 100% used [0x000000076ab00000,0x000000077f980000,0x000000077f980000)
  from space 261120K, 35% used [0x000000077f980000,0x00000007853eb5a0,0x000000078f880000)
  to   space 254464K, 0% used [0x0000000790d80000,0x0000000790d80000,0x00000007a0600000)
 ParOldGen       total 388096K, used 276458K [0x00000006c0000000, 0x00000006d7b00000, 0x000000076ab00000)
  object space 388096K, 71% used [0x00000006c0000000,0x00000006d0dfa928,0x00000006d7b00000)
 Metaspace       used 186440K, capacity 195224K, committed 195416K, reserved 1220608K
  class space    used 22655K, capacity 24386K, committed 24408K, reserved 1048576K
Event: 5998.438 GC heap after
Heap after GC invocations=53 (full 5):
 PSYoungGen      total 619520K, used 176116K [0x000000076ab00000, 0x00000007a1480000, 0x00000007c0000000)
  eden space 365056K, 0% used [0x000000076ab00000,0x000000076ab00000,0x0000000780f80000)
  from space 254464K, 69% used [0x0000000790d80000,0x000000079b97d380,0x00000007a0600000)
  to   space 260096K, 0% used [0x0000000780f80000,0x0000000780f80000,0x0000000790d80000)
 ParOldGen       total 388096K, used 277901K [0x00000006c0000000, 0x00000006d7b00000, 0x000000076ab00000)
  object space 388096K, 71% used [0x00000006c0000000,0x00000006d0f63420,0x00000006d7b00000)
 Metaspace       used 186440K, capacity 195224K, committed 195416K, reserved 1220608K
  class space    used 22655K, capacity 24386K, committed 24408K, reserved 1048576K
}
Event: 6828.069 GC heap before
{Heap before GC invocations=54 (full 5):
 PSYoungGen      total 619520K, used 541172K [0x000000076ab00000, 0x00000007a1480000, 0x00000007c0000000)
  eden space 365056K, 100% used [0x000000076ab00000,0x0000000780f80000,0x0000000780f80000)
  from space 254464K, 69% used [0x0000000790d80000,0x000000079b97d380,0x00000007a0600000)
  to   space 260096K, 0% used [0x0000000780f80000,0x0000000780f80000,0x0000000790d80000)
 ParOldGen       total 388096K, used 277901K [0x00000006c0000000, 0x00000006d7b00000, 0x000000076ab00000)
  object space 388096K, 71% used [0x00000006c0000000,0x00000006d0f63420,0x00000006d7b00000)
 Metaspace       used 186599K, capacity 195432K, committed 195672K, reserved 1220608K
  class space    used 22655K, capacity 24386K, committed 24408K, reserved 1048576K
Event: 6828.124 GC heap after
Heap after GC invocations=54 (full 5):
 PSYoungGen      total 625152K, used 94364K [0x000000076ab00000, 0x00000007a1900000, 0x00000007c0000000)
  eden space 365056K, 0% used [0x000000076ab00000,0x000000076ab00000,0x0000000780f80000)
  from space 260096K, 36% used [0x0000000780f80000,0x0000000786ba72f8,0x0000000790d80000)
  to   space 253440K, 0% used [0x0000000792180000,0x0000000792180000,0x00000007a1900000)
 ParOldGen       total 388096K, used 279171K [0x00000006c0000000, 0x00000006d7b00000, 0x000000076ab00000)
  object space 388096K, 71% used [0x00000006c0000000,0x00000006d10a0e30,0x00000006d7b00000)
 Metaspace       used 186599K, capacity 195432K, committed 195672K, reserved 1220608K
  class space    used 22655K, capacity 24386K, committed 24408K, reserved 1048576K
}
Event: 6830.577 GC heap before
{Heap before GC invocations=55 (full 5):
 PSYoungGen      total 625152K, used 459420K [0x000000076ab00000, 0x00000007a1900000, 0x00000007c0000000)
  eden space 365056K, 100% used [0x000000076ab00000,0x0000000780f80000,0x0000000780f80000)
  from space 260096K, 36% used [0x0000000780f80000,0x0000000786ba72f8,0x0000000790d80000)
  to   space 253440K, 0% used [0x0000000792180000,0x0000000792180000,0x00000007a1900000)
 ParOldGen       total 388096K, used 279171K [0x00000006c0000000, 0x00000006d7b00000, 0x000000076ab00000)
  object space 388096K, 71% used [0x00000006c0000000,0x00000006d10a0e30,0x00000006d7b00000)
 Metaspace       used 194202K, capacity 203060K, committed 203480K, reserved 1226752K
  class space    used 23515K, capacity 25270K, committed 25304K, reserved 1048576K
Event: 6830.671 GC heap after
Heap after GC invocations=55 (full 5):
 PSYoungGen      total 638976K, used 179991K [0x000000076ab00000, 0x00000007a2c00000, 0x00000007c0000000)
  eden space 385536K, 0% used [0x000000076ab00000,0x000000076ab00000,0x0000000782380000)
  from space 253440K, 71% used [0x0000000792180000,0x000000079d145ed0,0x00000007a1900000)
  to   space 260096K, 0% used [0x0000000782380000,0x0000000782380000,0x0000000792180000)
 ParOldGen       total 388096K, used 279381K [0x00000006c0000000, 0x00000006d7b00000, 0x000000076ab00000)
  object space 388096K, 71% used [0x00000006c0000000,0x00000006d10d5640,0x00000006d7b00000)
 Metaspace       used 194202K, capacity 203060K, committed 203480K, reserved 1226752K
  class space    used 23515K, capacity 25270K, committed 25304K, reserved 1048576K
}

Deoptimization events (10 events):
Event: 5999.610 Thread 0x00000000201e0800 Uncommon trap: reason=array_check action=maybe_recompile pc=0x0000000008524bd4 method=java.util.TimSort.mergeLo(IIII)V @ 133
Event: 5999.610 Thread 0x00000000201e0800 Uncommon trap: reason=array_check action=maybe_recompile pc=0x0000000008505a3c method=java.util.TimSort.mergeHi(IIII)V @ 282
Event: 5999.610 Thread 0x00000000201e0800 Uncommon trap: reason=array_check action=maybe_recompile pc=0x0000000008524a5c method=java.util.TimSort.mergeLo(IIII)V @ 375
Event: 6827.531 Thread 0x00000000292cc000 Uncommon trap: reason=unstable_if action=reinterpret pc=0x00000000087d93a8 method=java.util.concurrent.locks.AbstractQueuedSynchronizer.acquire(I)V @ 20
Event: 6829.702 Thread 0x00000000292cd000 Uncommon trap: reason=unstable_if action=reinterpret pc=0x0000000004c2209c method=org.sqlite.SQLiteJDBCLoader.contentsEquals(Ljava/io/InputStream;Ljava/io/InputStream;)Z @ 39
Event: 6829.792 Thread 0x00000000292cd000 Uncommon trap: reason=unstable_if action=reinterpret pc=0x00000000057c8680 method=org.antlr.v4.runtime.atn.ATNState.addTransition(ILorg/antlr/v4/runtime/atn/Transition;)V @ 115
Event: 6829.878 Thread 0x00000000292cd000 Uncommon trap: reason=class_check action=maybe_recompile pc=0x0000000008876ec8 method=org.antlr.v4.runtime.atn.ParserATNSimulator.canDropLoopEntryEdgeInLeftRecursiveRule(Lorg/antlr/v4/runtime/atn/ATNConfig;)Z @ 36
Event: 6831.384 Thread 0x0000000023b6c800 Uncommon trap: reason=unstable_if action=reinterpret pc=0x000000000876db60 method=com.android.tools.r8.ir.conversion.N.c(Lcom/android/tools/r8/t/a/a/G/a;)[I @ 25
Event: 6831.387 Thread 0x0000000023b6c800 Uncommon trap: reason=unstable_if action=reinterpret pc=0x0000000007ca0cfc method=com.android.tools.r8.ir.analysis.g.e.b(Lcom/android/tools/r8/ir/code/Instruction;)V @ 357
Event: 6831.433 Thread 0x0000000023b6c800 Uncommon trap: reason=unstable_if action=reinterpret pc=0x00000000086e7cd8 method=com.android.tools.r8.ir.conversion.N.c(Lcom/android/tools/r8/t/a/a/G/a;)[I @ 89

Classes redefined (0 events):
No events

Internal exceptions (10 events):
Event: 6831.450 Thread 0x0000000023b6c800 Exception <a 'sun/nio/fs/WindowsException'> (0x0000000770ce34a8) thrown at [D:\src\AOSP-openjdk-cygwin\jdk8u\hotspot\src\share\vm\prims\jni.cpp, line 710]
Event: 6831.452 Thread 0x0000000023b6c800 Exception <a 'sun/nio/fs/WindowsException'> (0x0000000770ceb138) thrown at [D:\src\AOSP-openjdk-cygwin\jdk8u\hotspot\src\share\vm\prims\jni.cpp, line 710]
Event: 6831.456 Thread 0x0000000023b6c800 Exception <a 'sun/nio/fs/WindowsException'> (0x0000000770ec43b8) thrown at [D:\src\AOSP-openjdk-cygwin\jdk8u\hotspot\src\share\vm\prims\jni.cpp, line 710]
Event: 6831.458 Thread 0x0000000023b6c800 Exception <a 'sun/nio/fs/WindowsException'> (0x0000000770eccb40) thrown at [D:\src\AOSP-openjdk-cygwin\jdk8u\hotspot\src\share\vm\prims\jni.cpp, line 710]
Event: 6831.459 Thread 0x0000000023b6c800 Exception <a 'sun/nio/fs/WindowsException'> (0x0000000770ed4ae8) thrown at [D:\src\AOSP-openjdk-cygwin\jdk8u\hotspot\src\share\vm\prims\jni.cpp, line 710]
Event: 6831.678 Thread 0x0000000023b74000 Exception <a 'sun/nio/fs/WindowsException'> (0x00000007720077a0) thrown at [D:\src\AOSP-openjdk-cygwin\jdk8u\hotspot\src\share\vm\prims\jni.cpp, line 710]
Event: 6831.798 Thread 0x00000000201de800 Exception <a 'sun/nio/fs/WindowsException'> (0x0000000773ff16b0) thrown at [D:\src\AOSP-openjdk-cygwin\jdk8u\hotspot\src\share\vm\prims\jni.cpp, line 710]
Event: 6832.102 Thread 0x000000002d3c5800 Exception <a 'sun/nio/fs/WindowsException'> (0x000000077571a8f8) thrown at [D:\src\AOSP-openjdk-cygwin\jdk8u\hotspot\src\share\vm\prims\jni.cpp, line 710]
Event: 6832.103 Thread 0x000000002d3c5800 Exception <a 'sun/nio/fs/WindowsException'> (0x00000007757dd590) thrown at [D:\src\AOSP-openjdk-cygwin\jdk8u\hotspot\src\share\vm\prims\jni.cpp, line 710]
Event: 6832.103 Thread 0x000000002d3c5800 Exception <a 'sun/nio/fs/WindowsException'> (0x00000007757deec0) thrown at [D:\src\AOSP-openjdk-cygwin\jdk8u\hotspot\src\share\vm\prims\jni.cpp, line 710]

Events (10 events):
Event: 6832.125 Executing VM operation: RevokeBias done
Event: 6832.130 Executing VM operation: RevokeBias
Event: 6832.131 Executing VM operation: RevokeBias done
Event: 6832.131 Executing VM operation: RevokeBias
Event: 6832.131 Executing VM operation: RevokeBias done
Event: 6832.131 Executing VM operation: RevokeBias
Event: 6832.131 Executing VM operation: RevokeBias done
Event: 6832.132 Executing VM operation: RevokeBias
Event: 6832.132 Executing VM operation: RevokeBias done
Event: 6832.137 Thread 0x00000000292cd800 Thread exited: 0x00000000292cd800


Dynamic libraries:
0x00007ff6a0ea0000 - 0x00007ff6a0ed1000 	C:\Program Files\Android\Android Studio\jre\bin\java.exe
0x00007ffdd8d00000 - 0x00007ffdd8ef0000 	C:\WINDOWS\SYSTEM32\ntdll.dll
0x00007ffdd7d20000 - 0x00007ffdd7dd2000 	C:\WINDOWS\System32\KERNEL32.DLL
0x00007ffdd68c0000 - 0x00007ffdd6b63000 	C:\WINDOWS\System32\KERNELBASE.dll
0x00007ffdd8520000 - 0x00007ffdd85c3000 	C:\WINDOWS\System32\ADVAPI32.dll
0x00007ffdd8250000 - 0x00007ffdd82ee000 	C:\WINDOWS\System32\msvcrt.dll
0x00007ffdd8800000 - 0x00007ffdd8897000 	C:\WINDOWS\System32\sechost.dll
0x00007ffdd6db0000 - 0x00007ffdd6ed0000 	C:\WINDOWS\System32\RPCRT4.dll
0x00007ffdd7b80000 - 0x00007ffdd7d14000 	C:\WINDOWS\System32\USER32.dll
0x00007ffdd6780000 - 0x00007ffdd67a1000 	C:\WINDOWS\System32\win32u.dll
0x00007ffdd6f80000 - 0x00007ffdd6fa6000 	C:\WINDOWS\System32\GDI32.dll
0x00007ffdd6b70000 - 0x00007ffdd6d04000 	C:\WINDOWS\System32\gdi32full.dll
0x00007ffdd6d10000 - 0x00007ffdd6dae000 	C:\WINDOWS\System32\msvcp_win.dll
0x00007ffdd5e90000 - 0x00007ffdd5f8a000 	C:\WINDOWS\System32\ucrtbase.dll
0x00007ffdbac10000 - 0x00007ffdbae95000 	C:\WINDOWS\WinSxS\amd64_microsoft.windows.common-controls_6595b64144ccf1df_6.0.18362.418_none_e6c6b287130d565d\COMCTL32.dll
0x00007ffdd8980000 - 0x00007ffdd8cb6000 	C:\WINDOWS\System32\combase.dll
0x00007ffdd5c90000 - 0x00007ffdd5d10000 	C:\WINDOWS\System32\bcryptPrimitives.dll
0x00007ffdd7a10000 - 0x00007ffdd7a3e000 	C:\WINDOWS\System32\IMM32.DLL
0x0000000072430000 - 0x0000000072502000 	C:\Program Files\Android\Android Studio\jre\jre\bin\msvcr100.dll
0x0000000072510000 - 0x0000000072d56000 	C:\Program Files\Android\Android Studio\jre\jre\bin\server\jvm.dll
0x00007ffdd8630000 - 0x00007ffdd8638000 	C:\WINDOWS\System32\PSAPI.DLL
0x00007ffdcfe50000 - 0x00007ffdcfe74000 	C:\WINDOWS\SYSTEM32\WINMM.dll
0x00007ffdc1400000 - 0x00007ffdc1409000 	C:\WINDOWS\SYSTEM32\WSOCK32.dll
0x00007ffdc9a10000 - 0x00007ffdc9a1a000 	C:\WINDOWS\SYSTEM32\VERSION.dll
0x00007ffdd7a40000 - 0x00007ffdd7aaf000 	C:\WINDOWS\System32\WS2_32.dll
0x00007ffdcfe20000 - 0x00007ffdcfe4d000 	C:\WINDOWS\SYSTEM32\winmmbase.dll
0x00007ffdd6730000 - 0x00007ffdd677a000 	C:\WINDOWS\System32\cfgmgr32.dll
0x00007ffdcb700000 - 0x00007ffdcb70f000 	C:\Program Files\Android\Android Studio\jre\jre\bin\verify.dll
0x00007ffd9f410000 - 0x00007ffd9f439000 	C:\Program Files\Android\Android Studio\jre\jre\bin\java.dll
0x00007ffdbf7c0000 - 0x00007ffdbf7d6000 	C:\Program Files\Android\Android Studio\jre\jre\bin\zip.dll
0x00007ffdd70b0000 - 0x00007ffdd7795000 	C:\WINDOWS\System32\SHELL32.dll
0x00007ffdd6ed0000 - 0x00007ffdd6f79000 	C:\WINDOWS\System32\shcore.dll
0x00007ffdd5f90000 - 0x00007ffdd670f000 	C:\WINDOWS\System32\windows.storage.dll
0x00007ffdd5c00000 - 0x00007ffdd5c1f000 	C:\WINDOWS\System32\profapi.dll
0x00007ffdd5c20000 - 0x00007ffdd5c6a000 	C:\WINDOWS\System32\powrprof.dll
0x00007ffdd5bd0000 - 0x00007ffdd5be0000 	C:\WINDOWS\System32\UMPDC.dll
0x00007ffdd7050000 - 0x00007ffdd70a2000 	C:\WINDOWS\System32\shlwapi.dll
0x00007ffdd5c70000 - 0x00007ffdd5c81000 	C:\WINDOWS\System32\kernel.appcore.dll
0x00007ffdd6710000 - 0x00007ffdd6727000 	C:\WINDOWS\System32\cryptsp.dll
0x00007ffdb5c20000 - 0x00007ffdb5c3a000 	C:\Program Files\Android\Android Studio\jre\jre\bin\net.dll
0x00007ffdd53e0000 - 0x00007ffdd5447000 	C:\WINDOWS\system32\mswsock.dll
0x00007ffdb3c00000 - 0x00007ffdb3c11000 	C:\Program Files\Android\Android Studio\jre\jre\bin\nio.dll
0x00007ffd9e2c0000 - 0x00007ffd9e2e6000 	C:\Users\PC\.gradle\native\29\windows-amd64\native-platform.dll
0x00007ffdc5900000 - 0x00007ffdc590d000 	C:\Program Files\Android\Android Studio\jre\jre\bin\management.dll
0x00007ffdd4f50000 - 0x00007ffdd4f83000 	C:\WINDOWS\system32\rsaenh.dll
0x00007ffdd5e60000 - 0x00007ffdd5e86000 	C:\WINDOWS\System32\bcrypt.dll
0x00007ffdd5af0000 - 0x00007ffdd5b15000 	C:\WINDOWS\SYSTEM32\USERENV.dll
0x00007ffdd55b0000 - 0x00007ffdd55bc000 	C:\WINDOWS\SYSTEM32\CRYPTBASE.dll
0x00007ffdd50f0000 - 0x00007ffdd512a000 	C:\WINDOWS\SYSTEM32\IPHLPAPI.DLL
0x00007ffdd88a0000 - 0x00007ffdd88a8000 	C:\WINDOWS\System32\NSI.dll
0x00007ffdce780000 - 0x00007ffdce796000 	C:\WINDOWS\SYSTEM32\dhcpcsvc6.DLL
0x00007ffdce4d0000 - 0x00007ffdce4ec000 	C:\WINDOWS\SYSTEM32\dhcpcsvc.DLL
0x00007ffdd5130000 - 0x00007ffdd51fa000 	C:\WINDOWS\SYSTEM32\DNSAPI.dll
0x0000000066e00000 - 0x0000000066f03000 	C:\Users\PC\AppData\Local\Temp\room-79269753-3607-47ac-9b61-39894fce19ba\sqlite-3.25.2-acd0e83e-384c-4e49-b267-710d42672b69-sqlitejdbc.dll
0x000000002e080000 - 0x000000002e183000 	C:\Users\PC\AppData\Local\Temp\room-5c6ef423-9515-4836-8037-04bc8adde2ee\sqlite-3.25.2-71236282-12fe-41e2-83ce-a1535c3468aa-sqlitejdbc.dll
0x0000000030cb0000 - 0x0000000030db3000 	C:\Users\PC\AppData\Local\Temp\room-841f6737-5824-48aa-bc40-1791c3b76f48\sqlite-3.25.2-b35e2e6b-5f3f-4a91-b3ec-8c36b6c2cb10-sqlitejdbc.dll
0x0000000030dc0000 - 0x0000000030ec3000 	C:\Users\PC\AppData\Local\Temp\room-96cf73ee-bff5-49a0-9866-3c6d83830e32\sqlite-3.25.2-561dcd5a-be8c-4137-8198-f2059f8de047-sqlitejdbc.dll
0x0000000032e20000 - 0x0000000032f23000 	C:\Users\PC\AppData\Local\Temp\room-0ccaa65b-a034-4a90-8adc-8edaf14e887a\sqlite-3.25.2-5e4d8d38-53c5-469b-bb73-7b19c79e0b99-sqlitejdbc.dll
0x0000000033e00000 - 0x0000000033f03000 	C:\Users\PC\AppData\Local\Temp\room-ceb10f34-ec73-470f-827a-7e2eb3f076b9\sqlite-3.25.2-b683daae-f7c5-46e2-b9f3-11d86398363b-sqlitejdbc.dll
0x00000000326f0000 - 0x00000000327f3000 	C:\Users\PC\AppData\Local\Temp\room-8a70878f-11a0-4222-a3be-fe6bcfd80f43\sqlite-3.25.2-fbf21554-949a-4383-84d0-b7526684de68-sqlitejdbc.dll
0x0000000034800000 - 0x0000000034903000 	C:\Users\PC\AppData\Local\Temp\room-d0081a8b-eb5f-4bc7-9f24-4bec76cdbbd0\sqlite-3.25.2-fd7ce41c-3657-47c1-bcd9-3f91c2d647d1-sqlitejdbc.dll
0x0000000034910000 - 0x0000000034a13000 	C:\Users\PC\AppData\Local\Temp\room-deb42f8c-f29a-4b99-b27d-9d2b86a5fe49\sqlite-3.25.2-dd74476c-e4b7-4272-bf98-906d6ebe1aea-sqlitejdbc.dll
0x00000000370a0000 - 0x00000000371a3000 	C:\Users\PC\AppData\Local\Temp\room-4950553b-8704-4dd0-b349-d73c95c5fb45\sqlite-3.25.2-3cabdd8a-ab1f-4733-bc6a-58ebbd20b416-sqlitejdbc.dll
0x00000000376b0000 - 0x00000000377b3000 	C:\Users\PC\AppData\Local\Temp\room-6ce1a431-2712-45a7-a232-23a5e7318c47\sqlite-3.25.2-67cbc30a-bf61-43ea-ad1b-aff268f1429e-sqlitejdbc.dll
0x0000000037de0000 - 0x0000000037ee3000 	C:\Users\PC\AppData\Local\Temp\room-dae2e1a1-8a68-4905-ad79-2b3b653c9f0b\sqlite-3.25.2-c90f8635-8208-48d8-875a-666b4de5e3a1-sqlitejdbc.dll

VM Arguments:
jvm_args: -XX:MaxPermSize=2048m -XX:+HeapDumpOnOutOfMemoryError -Xmx4096m -Dfile.encoding=UTF-8 -Duser.country=DE -Duser.language=de -Duser.variant 
java_command: org.gradle.launcher.daemon.bootstrap.GradleDaemon 5.4.1
java_class_path (initial): C:\Users\PC\.gradle\wrapper\dists\gradle-5.4.1-all\3221gyojl5jsh0helicew7rwx\gradle-5.4.1\lib\gradle-launcher-5.4.1.jar
Launcher Type: SUN_STANDARD

Environment Variables:
PATH=C:\Program Files (x86)\Common Files\Oracle\Java\javapath;C:\Program Files (x86)\Intel\iCLS Client\;C:\Program Files\Intel\iCLS Client\;C:\WINDOWS\system32;C:\WINDOWS;C:\WINDOWS\System32\Wbem;C:\WINDOWS\System32\WindowsPowerShell\v1.0\;C:\Program Files (x86)\Intel\Intel(R) Management Engine Components\DAL;C:\Program Files\Intel\Intel(R) Management Engine Components\DAL;C:\Program Files (x86)\Intel\Intel(R) Management Engine Components\IPT;C:\Program Files\Intel\Intel(R) Management Engine Components\IPT;C:\Program Files\Microsoft SQL Server\Client SDK\ODBC\130\Tools\Binn\;C:\Program Files (x86)\Microsoft SQL Server\140\Tools\Binn\;C:\Program Files\Microsoft SQL Server\140\Tools\Binn\;C:\Program Files\Microsoft SQL Server\140\DTS\Binn\;C:\Program Files (x86)\Microsoft SQL Server\Client SDK\ODBC\130\Tools\Binn\;C:\Program Files (x86)\Microsoft SQL Server\140\DTS\Binn\;C:\Program Files (x86)\Microsoft SQL Server\140\Tools\Binn\ManagementStudio\;C:\WINDOWS\System32\OpenSSH\;C:\Program Files\dotnet\;C:\Program Files\Microsoft SQL Server\130\Tools\Binn\;C:\Program Files\Intel\WiFi\bin\;C:\Program Files\Common Files\Intel\WirelessCommon\;C:\xampp\php;C:\ProgramData\ComposerSetup\bin;C:\texlive\2019\bin\win32;C:\Program Files\Git\cmd;C:\Users\PC\AppData\Local\Programs\Python\Python37\Scripts\;C:\Users\PC\AppData\Local\Programs\Python\Python37\;C:\Users\PC\AppData\Local\Microsoft\WindowsApps;C:\Program Files (x86)\Sophos\Sophos SSL VPN Client\bin;C:\Users\PC\AppData\Local\atom\bin;C:\Users\PC\AppData\Local\GitHubDesktop\bin;C:\Users\PC\AppData\Roaming\Composer\vendor\bin;C:\Users\PC\AppData\Local\Microsoft\WindowsApps;;C:\Program Files\JetBrains\IntelliJ IDEA Community Edition 2019.2.3\bin;
USERNAME=PC
OS=Windows_NT
PROCESSOR_IDENTIFIER=Intel64 Family 6 Model 142 Stepping 10, GenuineIntel



---------------  S Y S T E M  ---------------

OS: Windows 10.0 , 64 bit Build 18362 (10.0.18362.329)

CPU:total 8 (initial active 8) (4 cores per cpu, 2 threads per core) family 6 model 142 stepping 10, cmov, cx8, fxsr, mmx, sse, sse2, sse3, ssse3, sse4.1, sse4.2, popcnt, avx, avx2, aes, clmul, erms, 3dnowpref, lzcnt, ht, tsc, tscinvbit, bmi1, bmi2, adx

Memory: 4k page, physical 8281288k(762652k free), swap 12475592k(5880k free)

vm_info: OpenJDK 64-Bit Server VM (25.202-b03) for windows-amd64 JRE (1.8.0_202-release-1483-b03), built by "builder" with MS VC++ 10.0 (VS2010)

time: Sat Nov 02 21:26:24 2019
timezone: Mitteleuropäische Zeit
elapsed time: 6832 seconds (0d 1h 53m 52s)

