#
# There is insufficient memory for the Java Runtime Environment to continue.
# Native memory allocation (malloc) failed to allocate 1191216 bytes for Chunk::new
# Possible reasons:
#   The system is out of physical RAM or swap space
#   The process is running with CompressedOops enabled, and the Java Heap may be blocking the growth of the native heap
# Possible solutions:
#   Reduce memory load on the system
#   Increase physical memory or swap space
#   Check if swap backing store is full
#   Decrease Java heap size (-Xmx/-Xms)
#   Decrease number of Java threads
#   Decrease Java thread stack sizes (-Xss)
#   Set larger code cache with -XX:ReservedCodeCacheSize=
#   JVM is running with Zero Based Compressed Oops mode in which the Java heap is
#     placed in the first 32GB address space. The Java Heap base address is the
#     maximum limit for the native heap growth. Please use -XX:HeapBaseMinAddress
#     to set the Java Heap base and to place the Java Heap above 32GB virtual address.
# This output file may be truncated or incomplete.
#
#  Out of Memory Error (allocation.cpp:389), pid=13292, tid=0x0000000000003114
#
# JRE version: OpenJDK Runtime Environment (8.0_202-b03) (build 1.8.0_202-release-1483-b03)
# Java VM: OpenJDK 64-Bit Server VM (25.202-b03 mixed mode windows-amd64 compressed oops)
# Failed to write core dump. Minidumps are not enabled by default on client versions of Windows
#

---------------  T H R E A D  ---------------

Current thread (0x000000001e301000):  JavaThread "C2 CompilerThread0" daemon [_thread_in_native, id=12564, stack(0x000000001ec00000,0x000000001ed00000)]

Stack: [0x000000001ec00000,0x000000001ed00000]
[error occurred during error reporting (printing stack bounds), id 0xc0000005]

Native frames: (J=compiled Java code, j=interpreted, Vv=VM code, C=native code)


Current CompileTask:
C2:5269623 30445   !   4       com.android.manifmerger.XmlElement::<init> (596 bytes)


---------------  P R O C E S S  ---------------

Java Threads: ( => current thread )
  0x0000000023989800 JavaThread "stdout" [_thread_in_native, id=21080, stack(0x00000000344b0000,0x00000000345b0000)]
  0x0000000022a64000 JavaThread "stderr" [_thread_in_native, id=14196, stack(0x00000000343b0000,0x00000000344b0000)]
  0x0000000022a5e800 JavaThread "pool-41-thread-1" [_thread_blocked, id=6348, stack(0x000000002eee0000,0x000000002efe0000)]
  0x0000000022a63800 JavaThread "WorkerExecutor Queue Thread 2" [_thread_blocked, id=12188, stack(0x000000002e7e0000,0x000000002e8e0000)]
  0x0000000022a60000 JavaThread "WorkerExecutor Queue" [_thread_blocked, id=21292, stack(0x000000002e5e0000,0x000000002e6e0000)]
  0x0000000022ea5800 JavaThread "Cache worker for execution history cache (C:\Users\PC\Desktop\ABONA-DEV\Project\App\DriverApp\.gradle\5.4.1\executionHistory)" [_thread_blocked, id=22456, stack(0x000000002e4e0000,0x000000002e5e0000)]
  0x0000000022e9d000 JavaThread "Execution worker for ':' Thread 7" [_thread_blocked, id=6464, stack(0x000000002e3e0000,0x000000002e4e0000)]
  0x0000000022e9f800 JavaThread "Execution worker for ':' Thread 6" [_thread_blocked, id=1328, stack(0x000000002e0e0000,0x000000002e1e0000)]
  0x0000000022ea2800 JavaThread "Execution worker for ':' Thread 5" [_thread_blocked, id=22212, stack(0x000000002dfe0000,0x000000002e0e0000)]
  0x00000000238e0000 JavaThread "Execution worker for ':' Thread 4" [_thread_blocked, id=13636, stack(0x000000002dee0000,0x000000002dfe0000)]
  0x00000000238de800 JavaThread "Execution worker for ':' Thread 3" [_thread_blocked, id=11592, stack(0x000000002dde0000,0x000000002dee0000)]
  0x00000000238e1800 JavaThread "Execution worker for ':' Thread 2" [_thread_blocked, id=1408, stack(0x000000002dae0000,0x000000002dbe0000)]
  0x00000000238e3800 JavaThread "Execution worker for ':'" [_thread_blocked, id=12432, stack(0x000000002d9e0000,0x000000002dae0000)]
  0x00000000238e2000 JavaThread "Cache worker for file content cache (C:\Users\PC\Desktop\ABONA-DEV\Project\App\DriverApp\.gradle\5.4.1\fileContent)" [_thread_blocked, id=4184, stack(0x000000002c2d0000,0x000000002c3d0000)]
  0x00000000238da800 JavaThread "Cache worker for Build Output Cleanup Cache (C:\Users\PC\Desktop\ABONA-DEV\Project\App\DriverApp\.gradle\buildOutputCleanup)" [_thread_blocked, id=11992, stack(0x00000000279a0000,0x0000000027aa0000)]
  0x00000000238da000 JavaThread "Cache worker for cache directory md-rule (C:\Users\PC\.gradle\caches\5.4.1\md-rule)" [_thread_blocked, id=13860, stack(0x0000000026fa0000,0x00000000270a0000)]
  0x00000000238dc000 JavaThread "Cache worker for cache directory md-supplier (C:\Users\PC\.gradle\caches\5.4.1\md-supplier)" [_thread_blocked, id=20892, stack(0x0000000023250000,0x0000000023350000)]
  0x00000000238d7800 JavaThread "Build operations Thread 8" [_thread_blocked, id=19932, stack(0x000000002afb0000,0x000000002b0b0000)]
  0x0000000023994000 JavaThread "Build operations Thread 7" [_thread_blocked, id=20780, stack(0x00000000288e0000,0x00000000289e0000)]
  0x0000000023993800 JavaThread "Build operations Thread 6" [_thread_blocked, id=14568, stack(0x00000000287e0000,0x00000000288e0000)]
  0x0000000023997000 JavaThread "Build operations Thread 5" [_thread_blocked, id=1132, stack(0x0000000027ea0000,0x0000000027fa0000)]
  0x0000000023992800 JavaThread "Build operations Thread 4" [_thread_blocked, id=12392, stack(0x0000000027da0000,0x0000000027ea0000)]
  0x0000000023995800 JavaThread "Build operations Thread 3" [_thread_blocked, id=21984, stack(0x0000000027ca0000,0x0000000027da0000)]
  0x0000000023998000 JavaThread "Build operations Thread 2" [_thread_blocked, id=13540, stack(0x0000000027ba0000,0x0000000027ca0000)]
  0x0000000023995000 JavaThread "Build operations" [_thread_blocked, id=15988, stack(0x0000000027aa0000,0x0000000027ba0000)]
  0x000000002398f800 JavaThread "Cache worker for file hash cache (C:\Users\PC\Desktop\ABONA-DEV\Project\App\DriverApp\.gradle\5.4.1\fileHashes)" [_thread_blocked, id=10424, stack(0x0000000021980000,0x0000000021a80000)]
  0x000000002398a800 JavaThread "Thread-702" [_thread_blocked, id=22320, stack(0x0000000021880000,0x0000000021980000)]
  0x000000001f3e4000 JavaThread "Stdin handler" [_thread_blocked, id=21672, stack(0x0000000021780000,0x0000000021880000)]
  0x000000001f3e3000 JavaThread "Asynchronous log dispatcher for DefaultDaemonConnection: socket connection from /127.0.0.1:11512 to /127.0.0.1:13464" [_thread_blocked, id=976, stack(0x0000000021480000,0x0000000021580000)]
  0x000000001f3e7000 JavaThread "Cancel handler" [_thread_blocked, id=496, stack(0x0000000000da0000,0x0000000000ea0000)]
  0x000000001f3e7800 JavaThread "Handler for socket connection from /127.0.0.1:11512 to /127.0.0.1:13464" [_thread_in_native, id=20952, stack(0x0000000000ca0000,0x0000000000da0000)]
  0x000000002398c000 JavaThread "Daemon worker Thread 9" [_thread_blocked, id=204, stack(0x0000000021380000,0x0000000021480000)]
  0x000000002398f000 JavaThread "Daemon Thread 9" [_thread_blocked, id=15932, stack(0x0000000000b60000,0x0000000000c60000)]
  0x00000000238e3000 JavaThread "Cache worker for Java compile cache (C:\Users\PC\.gradle\caches\5.4.1\javaCompile)" [_thread_blocked, id=15244, stack(0x000000002e6e0000,0x000000002e7e0000)]
  0x0000000022a5f800 JavaThread "Cache worker for file content cache (C:\Users\PC\.gradle\caches\5.4.1\fileContent)" [_thread_blocked, id=22180, stack(0x00000000282b0000,0x00000000283b0000)]
  0x0000000022a61000 JavaThread "Memory manager" [_thread_blocked, id=22276, stack(0x0000000027fa0000,0x00000000280a0000)]
  0x000000001f3e1800 JavaThread "Cache worker for execution history cache (C:\Users\PC\.gradle\caches\5.4.1\executionHistory)" [_thread_blocked, id=9476, stack(0x00000000272a0000,0x00000000273a0000)]
  0x000000001f3e6000 JavaThread "Cache worker for journal cache (C:\Users\PC\.gradle\caches\journal-1)" [_thread_blocked, id=12552, stack(0x0000000021f80000,0x0000000022080000)]
  0x000000001f3e4800 JavaThread "File lock request listener" [_thread_in_native, id=14440, stack(0x0000000021e80000,0x0000000021f80000)]
  0x00000000205c7800 JavaThread "Cache worker for file hash cache (C:\Users\PC\.gradle\caches\5.4.1\fileHashes)" [_thread_blocked, id=700, stack(0x0000000021d80000,0x0000000021e80000)]
  0x000000001f412000 JavaThread "Daemon periodic checks" [_thread_blocked, id=14844, stack(0x0000000021280000,0x0000000021380000)]
  0x000000001f415000 JavaThread "Incoming local TCP Connector on port 11512" [_thread_in_native, id=12592, stack(0x0000000021010000,0x0000000021110000)]
  0x00000000203df800 JavaThread "Daemon health stats" [_thread_blocked, id=12928, stack(0x00000000209d0000,0x0000000020ad0000)]
  0x000000001e389800 JavaThread "Service Thread" daemon [_thread_blocked, id=19472, stack(0x000000001f000000,0x000000001f100000)]
  0x000000001e312000 JavaThread "C1 CompilerThread3" daemon [_thread_blocked, id=22356, stack(0x000000001ef00000,0x000000001f000000)]
  0x000000001e309800 JavaThread "C2 CompilerThread2" daemon [_thread_blocked, id=20112, stack(0x000000001ee00000,0x000000001ef00000)]
  0x000000001e304000 JavaThread "C2 CompilerThread1" daemon [_thread_blocked, id=7588, stack(0x000000001ed00000,0x000000001ee00000)]
=>0x000000001e301000 JavaThread "C2 CompilerThread0" daemon [_thread_in_native, id=12564, stack(0x000000001ec00000,0x000000001ed00000)]
  0x000000001e2ff800 JavaThread "Attach Listener" daemon [_thread_blocked, id=18844, stack(0x000000001eb00000,0x000000001ec00000)]
  0x000000001c4fe000 JavaThread "Signal Dispatcher" daemon [_thread_blocked, id=15748, stack(0x000000001ea00000,0x000000001eb00000)]
  0x00000000029c8000 JavaThread "Finalizer" daemon [_thread_blocked, id=11188, stack(0x000000001e7d0000,0x000000001e8d0000)]
  0x000000001e2f0800 JavaThread "Reference Handler" daemon [_thread_blocked, id=968, stack(0x000000001e6d0000,0x000000001e7d0000)]
  0x00000000028d2800 JavaThread "main" [_thread_blocked, id=21952, stack(0x0000000002770000,0x0000000002870000)]

Other Threads:
  0x000000001c4e8800 VMThread [stack: 0x000000001e1d0000,0x000000001e2d0000] [id=1796]
  0x000000001e38a800 WatcherThread [stack: 0x000000001f100000,0x000000001f200000] [id=21960]

VM state:not at safepoint (normal execution)

VM Mutex/Monitor currently owned by a thread: None

heap address: 0x00000006c0000000, size: 4096 MB, Compressed Oops mode: Zero based, Oop shift amount: 3
Narrow klass base: 0x0000000000000000, Narrow klass shift: 3
Compressed class space size: 1073741824 Address: 0x00000007c0000000

Heap:
 PSYoungGen      total 505856K, used 212900K [0x000000076ab00000, 0x0000000796700000, 0x00000007c0000000)
  eden space 315392K, 65% used [0x000000076ab00000,0x0000000777484948,0x000000077df00000)
  from space 190464K, 3% used [0x000000077df00000,0x000000077e564a48,0x0000000789900000)
  to   space 190976K, 0% used [0x000000078ac80000,0x000000078ac80000,0x0000000796700000)
 ParOldGen       total 351744K, used 118821K [0x00000006c0000000, 0x00000006d5780000, 0x000000076ab00000)
  object space 351744K, 33% used [0x00000006c0000000,0x00000006c7409760,0x00000006d5780000)
 Metaspace       used 133388K, capacity 141656K, committed 141952K, reserved 1173504K
  class space    used 16677K, capacity 18242K, committed 18304K, reserved 1048576K

Card table byte_map: [0x0000000011d90000,0x00000000125a0000] byte_map_base: 0x000000000e790000

Marking Bits: (ParMarkBitMap*) 0x0000000072cd9f30
 Begin Bits: [0x0000000013300000, 0x0000000017300000)
 End Bits:   [0x0000000017300000, 0x000000001b300000)

Polling page: 0x0000000000980000

CodeCache: size=245760Kb used=82841Kb max_used=82890Kb free=162918Kb
 bounds [0x00000000029d0000, 0x0000000007b40000, 0x00000000119d0000]
 total_blobs=23906 nmethods=23015 adapters=801
 compilation: enabled

Compilation events (10 events):
Event: 5269.326 Thread 0x000000001e312000 30451       3       com.android.manifmerger.XmlDocument::getTargetSdkVersion (24 bytes)
Event: 5269.327 Thread 0x000000001e309800 nmethod 30438 0x0000000007aea090 code [0x0000000007aea1c0, 0x0000000007aea2b8]
Event: 5269.327 Thread 0x000000001e309800 30439       4       com.android.manifmerger.XmlAttribute::<init> (190 bytes)
Event: 5269.327 Thread 0x000000001e312000 nmethod 30451 0x0000000007b07c10 code [0x0000000007b07dc0, 0x0000000007b08318]
Event: 5269.327 Thread 0x000000001e312000 30450       1       com.android.manifmerger.ManifestMerger2$ManifestInfo::getLocation (5 bytes)
Event: 5269.327 Thread 0x000000001e312000 nmethod 30450 0x0000000007b07950 code [0x0000000007b07aa0, 0x0000000007b07bb0]
Event: 5269.374 Thread 0x000000001e309800 nmethod 30439 0x0000000007b12b10 code [0x0000000007b12da0, 0x0000000007b14308]
Event: 5269.374 Thread 0x000000001e309800 30440       4       com.google.common.collect.SingletonImmutableList::iterator (8 bytes)
Event: 5269.375 Thread 0x000000001e309800 nmethod 30440 0x0000000007b06190 code [0x0000000007b062e0, 0x0000000007b063b8]
Event: 5269.506 Thread 0x000000001e304000 nmethod 30340 0x0000000007b21950 code [0x0000000007b22560, 0x0000000007b2d7c8]

GC Heap History (10 events):
Event: 5172.607 GC heap before
{Heap before GC invocations=44 (full 4):
 PSYoungGen      total 468992K, used 405628K [0x000000076ab00000, 0x0000000795700000, 0x00000007c0000000)
  eden space 278528K, 99% used [0x000000076ab00000,0x000000077bae6a18,0x000000077bb00000)
  from space 190464K, 66% used [0x000000077bb00000,0x00000007837386f8,0x0000000787500000)
  to   space 194560K, 0% used [0x0000000789900000,0x0000000789900000,0x0000000795700000)
 ParOldGen       total 324608K, used 237802K [0x00000006c0000000, 0x00000006d3d00000, 0x000000076ab00000)
  object space 324608K, 73% used [0x00000006c0000000,0x00000006ce83aac8,0x00000006d3d00000)
 Metaspace       used 130892K, capacity 138224K, committed 138496K, reserved 1169408K
  class space    used 16443K, capacity 17864K, committed 17920K, reserved 1048576K
Event: 5172.699 GC heap after
Heap after GC invocations=44 (full 4):
 PSYoungGen      total 476160K, used 93044K [0x000000076ab00000, 0x0000000793e80000, 0x00000007c0000000)
  eden space 306688K, 0% used [0x000000076ab00000,0x000000076ab00000,0x000000077d680000)
  from space 169472K, 54% used [0x0000000789900000,0x000000078f3dd3f0,0x0000000793e80000)
  to   space 184320K, 0% used [0x000000077d680000,0x000000077d680000,0x0000000788a80000)
 ParOldGen       total 324608K, used 281144K [0x00000006c0000000, 0x00000006d3d00000, 0x000000076ab00000)
  object space 324608K, 86% used [0x00000006c0000000,0x00000006d128e280,0x00000006d3d00000)
 Metaspace       used 130892K, capacity 138224K, committed 138496K, reserved 1169408K
  class space    used 16443K, capacity 17864K, committed 17920K, reserved 1048576K
}
Event: 5172.699 GC heap before
{Heap before GC invocations=45 (full 5):
 PSYoungGen      total 476160K, used 93044K [0x000000076ab00000, 0x0000000793e80000, 0x00000007c0000000)
  eden space 306688K, 0% used [0x000000076ab00000,0x000000076ab00000,0x000000077d680000)
  from space 169472K, 54% used [0x0000000789900000,0x000000078f3dd3f0,0x0000000793e80000)
  to   space 184320K, 0% used [0x000000077d680000,0x000000077d680000,0x0000000788a80000)
 ParOldGen       total 324608K, used 281144K [0x00000006c0000000, 0x00000006d3d00000, 0x000000076ab00000)
  object space 324608K, 86% used [0x00000006c0000000,0x00000006d128e280,0x00000006d3d00000)
 Metaspace       used 130892K, capacity 138224K, committed 138496K, reserved 1169408K
  class space    used 16443K, capacity 17864K, committed 17920K, reserved 1048576K
Event: 5173.195 GC heap after
Heap after GC invocations=45 (full 5):
 PSYoungGen      total 476160K, used 0K [0x000000076ab00000, 0x0000000793e80000, 0x00000007c0000000)
  eden space 306688K, 0% used [0x000000076ab00000,0x000000076ab00000,0x000000077d680000)
  from space 169472K, 0% used [0x0000000789900000,0x0000000789900000,0x0000000793e80000)
  to   space 184320K, 0% used [0x000000077d680000,0x000000077d680000,0x0000000788a80000)
 ParOldGen       total 351744K, used 118797K [0x00000006c0000000, 0x00000006d5780000, 0x000000076ab00000)
  object space 351744K, 33% used [0x00000006c0000000,0x00000006c7403760,0x00000006d5780000)
 Metaspace       used 130445K, capacity 137118K, committed 138496K, reserved 1169408K
  class space    used 16307K, capacity 17621K, committed 17920K, reserved 1048576K
}
Event: 5193.606 GC heap before
{Heap before GC invocations=46 (full 5):
 PSYoungGen      total 476160K, used 306688K [0x000000076ab00000, 0x0000000793e80000, 0x00000007c0000000)
  eden space 306688K, 100% used [0x000000076ab00000,0x000000077d680000,0x000000077d680000)
  from space 169472K, 0% used [0x0000000789900000,0x0000000789900000,0x0000000793e80000)
  to   space 184320K, 0% used [0x000000077d680000,0x000000077d680000,0x0000000788a80000)
 ParOldGen       total 351744K, used 118797K [0x00000006c0000000, 0x00000006d5780000, 0x000000076ab00000)
  object space 351744K, 33% used [0x00000006c0000000,0x00000006c7403760,0x00000006d5780000)
 Metaspace       used 130846K, capacity 137636K, committed 138752K, reserved 1169408K
  class space    used 16347K, capacity 17690K, committed 17920K, reserved 1048576K
Event: 5193.618 GC heap after
Heap after GC invocations=46 (full 5):
 PSYoungGen      total 491008K, used 9289K [0x000000076ab00000, 0x0000000793e80000, 0x00000007c0000000)
  eden space 306688K, 0% used [0x000000076ab00000,0x000000076ab00000,0x000000077d680000)
  from space 184320K, 5% used [0x000000077d680000,0x000000077df92688,0x0000000788a80000)
  to   space 169472K, 0% used [0x0000000789900000,0x0000000789900000,0x0000000793e80000)
 ParOldGen       total 351744K, used 118805K [0x00000006c0000000, 0x00000006d5780000, 0x000000076ab00000)
  object space 351744K, 33% used [0x00000006c0000000,0x00000006c7405760,0x00000006d5780000)
 Metaspace       used 130846K, capacity 137636K, committed 138752K, reserved 1169408K
  class space    used 16347K, capacity 17690K, committed 17920K, reserved 1048576K
}
Event: 5223.484 GC heap before
{Heap before GC invocations=47 (full 5):
 PSYoungGen      total 491008K, used 315977K [0x000000076ab00000, 0x0000000793e80000, 0x00000007c0000000)
  eden space 306688K, 100% used [0x000000076ab00000,0x000000077d680000,0x000000077d680000)
  from space 184320K, 5% used [0x000000077d680000,0x000000077df92688,0x0000000788a80000)
  to   space 169472K, 0% used [0x0000000789900000,0x0000000789900000,0x0000000793e80000)
 ParOldGen       total 351744K, used 118805K [0x00000006c0000000, 0x00000006d5780000, 0x000000076ab00000)
  object space 351744K, 33% used [0x00000006c0000000,0x00000006c7405760,0x00000006d5780000)
 Metaspace       used 131054K, capacity 137932K, committed 139008K, reserved 1171456K
  class space    used 16351K, capacity 17696K, committed 17920K, reserved 1048576K
Event: 5223.504 GC heap after
Heap after GC invocations=47 (full 5):
 PSYoungGen      total 484864K, used 16393K [0x000000076ab00000, 0x0000000796100000, 0x00000007c0000000)
  eden space 315392K, 0% used [0x000000076ab00000,0x000000076ab00000,0x000000077df00000)
  from space 169472K, 9% used [0x0000000789900000,0x000000078a9026b8,0x0000000793e80000)
  to   space 190464K, 0% used [0x000000077df00000,0x000000077df00000,0x0000000789900000)
 ParOldGen       total 351744K, used 118813K [0x00000006c0000000, 0x00000006d5780000, 0x000000076ab00000)
  object space 351744K, 33% used [0x00000006c0000000,0x00000006c7407760,0x00000006d5780000)
 Metaspace       used 131054K, capacity 137932K, committed 139008K, reserved 1171456K
  class space    used 16351K, capacity 17696K, committed 17920K, reserved 1048576K
}
Event: 5267.762 GC heap before
{Heap before GC invocations=48 (full 5):
 PSYoungGen      total 484864K, used 331785K [0x000000076ab00000, 0x0000000796100000, 0x00000007c0000000)
  eden space 315392K, 100% used [0x000000076ab00000,0x000000077df00000,0x000000077df00000)
  from space 169472K, 9% used [0x0000000789900000,0x000000078a9026b8,0x0000000793e80000)
  to   space 190464K, 0% used [0x000000077df00000,0x000000077df00000,0x0000000789900000)
 ParOldGen       total 351744K, used 118813K [0x00000006c0000000, 0x00000006d5780000, 0x000000076ab00000)
  object space 351744K, 33% used [0x00000006c0000000,0x00000006c7407760,0x00000006d5780000)
 Metaspace       used 133219K, capacity 141452K, committed 141696K, reserved 1173504K
  class space    used 16677K, capacity 18242K, committed 18304K, reserved 1048576K
Event: 5267.770 GC heap after
Heap after GC invocations=48 (full 5):
 PSYoungGen      total 505856K, used 6546K [0x000000076ab00000, 0x0000000796700000, 0x00000007c0000000)
  eden space 315392K, 0% used [0x000000076ab00000,0x000000076ab00000,0x000000077df00000)
  from space 190464K, 3% used [0x000000077df00000,0x000000077e564a48,0x0000000789900000)
  to   space 190976K, 0% used [0x000000078ac80000,0x000000078ac80000,0x0000000796700000)
 ParOldGen       total 351744K, used 118821K [0x00000006c0000000, 0x00000006d5780000, 0x000000076ab00000)
  object space 351744K, 33% used [0x00000006c0000000,0x00000006c7409760,0x00000006d5780000)
 Metaspace       used 133219K, capacity 141452K, committed 141696K, reserved 1173504K
  class space    used 16677K, capacity 18242K, committed 18304K, reserved 1048576K
}

Deoptimization events (10 events):
Event: 5249.690 Thread 0x000000002398c000 Uncommon trap: reason=unstable_if action=reinterpret pc=0x0000000004c69cc4 method=com.sun.org.apache.xerces.internal.dom.ParentNode.nodeListItem(I)Lorg/w3c/dom/Node; @ 15
Event: 5249.761 Thread 0x000000002398c000 Uncommon trap: reason=unstable_if action=reinterpret pc=0x0000000004c3efac method=org.gradle.internal.snapshot.impl.DefaultValueSnapshotter.processValue(Ljava/lang/Object;Lorg/gradle/internal/snapshot/impl/DefaultValueSnapshotter$ValueVisitor;)Ljava/lang/
Event: 5250.134 Thread 0x0000000022ea2800 Uncommon trap: reason=unstable_if action=reinterpret pc=0x0000000005eb4fd8 method=java.util.regex.Pattern.closure(Ljava/util/regex/Pattern$Node;)Ljava/util/regex/Pattern$Node; @ 182
Event: 5250.137 Thread 0x0000000022ea2800 Uncommon trap: reason=unstable_if action=reinterpret pc=0x00000000050b4984 method=java.util.regex.Pattern$Branch.match(Ljava/util/regex/Matcher;ILjava/lang/CharSequence;)Z @ 35
Event: 5250.138 Thread 0x0000000022ea2800 Uncommon trap: reason=unstable_if action=reinterpret pc=0x0000000006191854 method=com.android.ide.common.blame.SourceFile.hashCode()I @ 4
Event: 5250.140 Thread 0x0000000022ea2800 Uncommon trap: reason=bimorphic action=maybe_recompile pc=0x0000000006c52818 method=java.util.Collections$UnmodifiableMap.get(Ljava/lang/Object;)Ljava/lang/Object; @ 5
Event: 5250.140 Thread 0x0000000022ea2800 Uncommon trap: reason=unstable_if action=reinterpret pc=0x0000000005d085dc method=com.google.gson.stream.JsonWriter.string(Ljava/lang/String;)V @ 104
Event: 5268.414 Thread 0x0000000022ea2800 Uncommon trap: reason=unstable_if action=reinterpret pc=0x0000000003bfddbc method=java.util.concurrent.ConcurrentHashMap.replaceNode(Ljava/lang/Object;Ljava/lang/Object;Ljava/lang/Object;)Ljava/lang/Object; @ 99
Event: 5268.662 Thread 0x0000000022e9f800 Uncommon trap: reason=unstable_if action=reinterpret pc=0x0000000005a636b8 method=java.util.concurrent.locks.LockSupport.unpark(Ljava/lang/Thread;)V @ 1
Event: 5269.351 Thread 0x0000000022ea2800 Uncommon trap: reason=unstable_if action=reinterpret pc=0x0000000003f09ec0 method=org.gradle.internal.snapshot.impl.AbstractScalarValueSnapshot.equals(Ljava/lang/Object;)Z @ 19

Classes redefined (0 events):
No events

Internal exceptions (10 events):
Event: 5247.806 Thread 0x0000000022a5e800 Exception <a 'java/lang/NoSuchMethodError': <clinit>> (0x000000076dc24d38) thrown at [D:\src\AOSP-openjdk-cygwin\jdk8u\hotspot\src\share\vm\prims\jni.cpp, line 1614]
Event: 5247.830 Thread 0x000000002398c000 Implicit null exception at 0x0000000003aa0800 to 0x0000000003aa1f5d
Event: 5249.421 Thread 0x000000002398c000 Implicit null exception at 0x000000000761a68a to 0x000000000761aa69
Event: 5249.761 Thread 0x000000002398c000 Implicit null exception at 0x0000000004c3d45c to 0x0000000004c3efa1
Event: 5250.085 Thread 0x0000000022ea2800 Exception <a 'sun/nio/fs/WindowsException'> (0x000000077bc45620) thrown at [D:\src\AOSP-openjdk-cygwin\jdk8u\hotspot\src\share\vm\prims\jni.cpp, line 710]
Event: 5250.085 Thread 0x0000000022ea2800 Exception <a 'sun/nio/fs/WindowsException'> (0x000000077bc45db8) thrown at [D:\src\AOSP-openjdk-cygwin\jdk8u\hotspot\src\share\vm\prims\jni.cpp, line 710]
Event: 5250.138 Thread 0x0000000022ea2800 Implicit null exception at 0x0000000006191714 to 0x0000000006191840
Event: 5250.151 Thread 0x000000002398c000 Exception <a 'sun/nio/fs/WindowsException'> (0x000000077c45c600) thrown at [D:\src\AOSP-openjdk-cygwin\jdk8u\hotspot\src\share\vm\prims\jni.cpp, line 710]
Event: 5250.152 Thread 0x000000002398c000 Exception <a 'sun/nio/fs/WindowsException'> (0x000000077c45e3f0) thrown at [D:\src\AOSP-openjdk-cygwin\jdk8u\hotspot\src\share\vm\prims\jni.cpp, line 710]
Event: 5250.153 Thread 0x000000002398c000 Exception <a 'sun/nio/fs/WindowsException'> (0x000000077c45fd20) thrown at [D:\src\AOSP-openjdk-cygwin\jdk8u\hotspot\src\share\vm\prims\jni.cpp, line 710]

Events (10 events):
Event: 5269.351 Thread 0x0000000022ea2800 Uncommon trap: trap_request=0xffffff65 fr.pc=0x0000000003f09ec0
Event: 5269.351 Thread 0x0000000022ea2800 DEOPT PACKING pc=0x0000000003f09ec0 sp=0x000000002e0dded0
Event: 5269.351 Thread 0x0000000022ea2800 DEOPT UNPACKING pc=0x0000000002a1557b sp=0x000000002e0dde08 mode 2
Event: 5269.366 Thread 0x0000000022a60000 Thread added: 0x0000000022a60000
Event: 5269.366 Thread 0x0000000022a63800 Thread added: 0x0000000022a63800
Event: 5269.367 Executing VM operation: RevokeBias
Event: 5269.367 Executing VM operation: RevokeBias done
Event: 5269.368 Thread 0x0000000022a5e800 Thread added: 0x0000000022a5e800
Event: 5269.371 Thread 0x0000000022a64000 Thread added: 0x0000000022a64000
Event: 5269.371 Thread 0x0000000023989800 Thread added: 0x0000000023989800


Dynamic libraries:
0x00007ff6a0ea0000 - 0x00007ff6a0ed1000 	C:\Program Files\Android\Android Studio\jre\bin\java.exe
0x00007ffdd8d00000 - 0x00007ffdd8ef0000 	C:\WINDOWS\SYSTEM32\ntdll.dll
0x00007ffdd7d20000 - 0x00007ffdd7dd2000 	C:\WINDOWS\System32\KERNEL32.DLL
0x00007ffdd68c0000 - 0x00007ffdd6b63000 	C:\WINDOWS\System32\KERNELBASE.dll
0x00007ffdd8520000 - 0x00007ffdd85c3000 	C:\WINDOWS\System32\ADVAPI32.dll
0x00007ffdd8250000 - 0x00007ffdd82ee000 	C:\WINDOWS\System32\msvcrt.dll
0x00007ffdd8800000 - 0x00007ffdd8897000 	C:\WINDOWS\System32\sechost.dll
0x00007ffdd6db0000 - 0x00007ffdd6ed0000 	C:\WINDOWS\System32\RPCRT4.dll
0x00007ffdd7b80000 - 0x00007ffdd7d14000 	C:\WINDOWS\System32\USER32.dll
0x00007ffdd6780000 - 0x00007ffdd67a1000 	C:\WINDOWS\System32\win32u.dll
0x00007ffdd6f80000 - 0x00007ffdd6fa6000 	C:\WINDOWS\System32\GDI32.dll
0x00007ffdd6b70000 - 0x00007ffdd6d04000 	C:\WINDOWS\System32\gdi32full.dll
0x00007ffdd6d10000 - 0x00007ffdd6dae000 	C:\WINDOWS\System32\msvcp_win.dll
0x00007ffdd5e90000 - 0x00007ffdd5f8a000 	C:\WINDOWS\System32\ucrtbase.dll
0x00007ffdbac10000 - 0x00007ffdbae95000 	C:\WINDOWS\WinSxS\amd64_microsoft.windows.common-controls_6595b64144ccf1df_6.0.18362.418_none_e6c6b287130d565d\COMCTL32.dll
0x00007ffdd8980000 - 0x00007ffdd8cb6000 	C:\WINDOWS\System32\combase.dll
0x00007ffdd5c90000 - 0x00007ffdd5d10000 	C:\WINDOWS\System32\bcryptPrimitives.dll
0x00007ffdd7a10000 - 0x00007ffdd7a3e000 	C:\WINDOWS\System32\IMM32.DLL
0x0000000072430000 - 0x0000000072502000 	C:\Program Files\Android\Android Studio\jre\jre\bin\msvcr100.dll
0x0000000072510000 - 0x0000000072d56000 	C:\Program Files\Android\Android Studio\jre\jre\bin\server\jvm.dll
0x00007ffdd8630000 - 0x00007ffdd8638000 	C:\WINDOWS\System32\PSAPI.DLL
0x00007ffdcfe50000 - 0x00007ffdcfe74000 	C:\WINDOWS\SYSTEM32\WINMM.dll
0x00007ffdc1400000 - 0x00007ffdc1409000 	C:\WINDOWS\SYSTEM32\WSOCK32.dll
0x00007ffdc9a10000 - 0x00007ffdc9a1a000 	C:\WINDOWS\SYSTEM32\VERSION.dll
0x00007ffdd7a40000 - 0x00007ffdd7aaf000 	C:\WINDOWS\System32\WS2_32.dll
0x00007ffdcfe20000 - 0x00007ffdcfe4d000 	C:\WINDOWS\SYSTEM32\winmmbase.dll
0x00007ffdd6730000 - 0x00007ffdd677a000 	C:\WINDOWS\System32\cfgmgr32.dll
0x00007ffdcb700000 - 0x00007ffdcb70f000 	C:\Program Files\Android\Android Studio\jre\jre\bin\verify.dll
0x00007ffd9f410000 - 0x00007ffd9f439000 	C:\Program Files\Android\Android Studio\jre\jre\bin\java.dll
0x00007ffdbf7c0000 - 0x00007ffdbf7d6000 	C:\Program Files\Android\Android Studio\jre\jre\bin\zip.dll
0x00007ffdd70b0000 - 0x00007ffdd7795000 	C:\WINDOWS\System32\SHELL32.dll
0x00007ffdd6ed0000 - 0x00007ffdd6f79000 	C:\WINDOWS\System32\shcore.dll
0x00007ffdd5f90000 - 0x00007ffdd670f000 	C:\WINDOWS\System32\windows.storage.dll
0x00007ffdd5c00000 - 0x00007ffdd5c1f000 	C:\WINDOWS\System32\profapi.dll
0x00007ffdd5c20000 - 0x00007ffdd5c6a000 	C:\WINDOWS\System32\powrprof.dll
0x00007ffdd5bd0000 - 0x00007ffdd5be0000 	C:\WINDOWS\System32\UMPDC.dll
0x00007ffdd7050000 - 0x00007ffdd70a2000 	C:\WINDOWS\System32\shlwapi.dll
0x00007ffdd5c70000 - 0x00007ffdd5c81000 	C:\WINDOWS\System32\kernel.appcore.dll
0x00007ffdd6710000 - 0x00007ffdd6727000 	C:\WINDOWS\System32\cryptsp.dll
0x00007ffdb5c20000 - 0x00007ffdb5c3a000 	C:\Program Files\Android\Android Studio\jre\jre\bin\net.dll
0x00007ffdd53e0000 - 0x00007ffdd5447000 	C:\WINDOWS\system32\mswsock.dll
0x00007ffdb3c00000 - 0x00007ffdb3c11000 	C:\Program Files\Android\Android Studio\jre\jre\bin\nio.dll
0x00007ffd9e2c0000 - 0x00007ffd9e2e6000 	C:\Users\PC\.gradle\native\29\windows-amd64\native-platform.dll
0x00007ffdc5900000 - 0x00007ffdc590d000 	C:\Program Files\Android\Android Studio\jre\jre\bin\management.dll
0x00007ffdd4f50000 - 0x00007ffdd4f83000 	C:\WINDOWS\system32\rsaenh.dll
0x00007ffdd5e60000 - 0x00007ffdd5e86000 	C:\WINDOWS\System32\bcrypt.dll
0x00007ffdd5af0000 - 0x00007ffdd5b15000 	C:\WINDOWS\SYSTEM32\USERENV.dll
0x00007ffdd55b0000 - 0x00007ffdd55bc000 	C:\WINDOWS\SYSTEM32\CRYPTBASE.dll
0x00007ffdd50f0000 - 0x00007ffdd512a000 	C:\WINDOWS\SYSTEM32\IPHLPAPI.DLL
0x00007ffdd88a0000 - 0x00007ffdd88a8000 	C:\WINDOWS\System32\NSI.dll
0x00007ffdce780000 - 0x00007ffdce796000 	C:\WINDOWS\SYSTEM32\dhcpcsvc6.DLL
0x00007ffdce4d0000 - 0x00007ffdce4ec000 	C:\WINDOWS\SYSTEM32\dhcpcsvc.DLL
0x00007ffdd5130000 - 0x00007ffdd51fa000 	C:\WINDOWS\SYSTEM32\DNSAPI.dll
0x0000000066e00000 - 0x0000000066f03000 	C:\Users\PC\AppData\Local\Temp\room-f2e33356-7a38-48e8-a322-e23e9f5133fc\sqlite-3.25.2-05e921a5-fb61-489f-a60d-b5645b0d269b-sqlitejdbc.dll
0x000000002f9e0000 - 0x000000002fae3000 	C:\Users\PC\AppData\Local\Temp\room-d44cbf02-aa03-4b23-91dc-246d81a2b1d6\sqlite-3.25.2-b8076baf-7c2c-4dcf-a4de-a9cddbcacb66-sqlitejdbc.dll
0x0000000031a10000 - 0x0000000031b13000 	C:\Users\PC\AppData\Local\Temp\room-40c8acad-f137-4609-8781-3851c09cfe3d\sqlite-3.25.2-ae8c4673-468e-49d9-b2ae-eb2cee21b273-sqlitejdbc.dll
0x0000000031f40000 - 0x0000000032043000 	C:\Users\PC\AppData\Local\Temp\room-d7bc3e06-74f6-450f-928d-4691b889a2f1\sqlite-3.25.2-db4acaac-6e76-4952-bd58-3ab5a7ec3164-sqlitejdbc.dll

VM Arguments:
jvm_args: -XX:MaxPermSize=2048m -XX:+HeapDumpOnOutOfMemoryError -Xmx4096m -Dfile.encoding=UTF-8 -Duser.country=DE -Duser.language=de -Duser.variant 
java_command: org.gradle.launcher.daemon.bootstrap.GradleDaemon 5.4.1
java_class_path (initial): C:\Users\PC\.gradle\wrapper\dists\gradle-5.4.1-all\3221gyojl5jsh0helicew7rwx\gradle-5.4.1\lib\gradle-launcher-5.4.1.jar
Launcher Type: SUN_STANDARD

Environment Variables:
PATH=C:\Program Files (x86)\Common Files\Oracle\Java\javapath;C:\Program Files (x86)\Intel\iCLS Client\;C:\Program Files\Intel\iCLS Client\;C:\WINDOWS\system32;C:\WINDOWS;C:\WINDOWS\System32\Wbem;C:\WINDOWS\System32\WindowsPowerShell\v1.0\;C:\Program Files (x86)\Intel\Intel(R) Management Engine Components\DAL;C:\Program Files\Intel\Intel(R) Management Engine Components\DAL;C:\Program Files (x86)\Intel\Intel(R) Management Engine Components\IPT;C:\Program Files\Intel\Intel(R) Management Engine Components\IPT;C:\Program Files\Microsoft SQL Server\Client SDK\ODBC\130\Tools\Binn\;C:\Program Files (x86)\Microsoft SQL Server\140\Tools\Binn\;C:\Program Files\Microsoft SQL Server\140\Tools\Binn\;C:\Program Files\Microsoft SQL Server\140\DTS\Binn\;C:\Program Files (x86)\Microsoft SQL Server\Client SDK\ODBC\130\Tools\Binn\;C:\Program Files (x86)\Microsoft SQL Server\140\DTS\Binn\;C:\Program Files (x86)\Microsoft SQL Server\140\Tools\Binn\ManagementStudio\;C:\WINDOWS\System32\OpenSSH\;C:\Program Files\dotnet\;C:\Program Files\Microsoft SQL Server\130\Tools\Binn\;C:\Program Files\Intel\WiFi\bin\;C:\Program Files\Common Files\Intel\WirelessCommon\;C:\xampp\php;C:\ProgramData\ComposerSetup\bin;C:\texlive\2019\bin\win32;C:\Program Files\Git\cmd;C:\Users\PC\AppData\Local\Programs\Python\Python37\Scripts\;C:\Users\PC\AppData\Local\Programs\Python\Python37\;C:\Users\PC\AppData\Local\Microsoft\WindowsApps;C:\Program Files (x86)\Sophos\Sophos SSL VPN Client\bin;C:\Users\PC\AppData\Local\atom\bin;C:\Users\PC\AppData\Local\GitHubDesktop\bin;C:\Users\PC\AppData\Roaming\Composer\vendor\bin;C:\Users\PC\AppData\Local\Microsoft\WindowsApps;;C:\Program Files\JetBrains\IntelliJ IDEA Community Edition 2019.2.3\bin;
USERNAME=PC
OS=Windows_NT
PROCESSOR_IDENTIFIER=Intel64 Family 6 Model 142 Stepping 10, GenuineIntel



---------------  S Y S T E M  ---------------

OS: Windows 10.0 , 64 bit Build 18362 (10.0.18362.329)

CPU:total 8 (initial active 8) (4 cores per cpu, 2 threads per core) family 6 model 142 stepping 10, cmov, cx8, fxsr, mmx, sse, sse2, sse3, ssse3, sse4.1, sse4.2, popcnt, avx, avx2, aes, clmul, erms, 3dnowpref, lzcnt, ht, tsc, tscinvbit, bmi1, bmi2, adx

Memory: 4k page, physical 8281288k(766372k free), swap 12475592k(5140k free)

vm_info: OpenJDK 64-Bit Server VM (25.202-b03) for windows-amd64 JRE (1.8.0_202-release-1483-b03), built by "builder" with MS VC++ 10.0 (VS2010)

time: Sat Nov 02 19:32:26 2019
timezone: Mitteleuropäische Zeit
elapsed time: 5269 seconds (0d 1h 27m 49s)

